  AppDelegate.cpp
  HelloWorldScene.cpp
  main.cpp
c:\cocosproj\idol\cocos2d\cocos\base\ccutf8.h : warning C4819: ファイルは、現在のコード ページ (932) で表示できない文字を含んでいます。データの損失を防ぐために、ファイルを Unicode 形式で保存してください。 (ソース ファイルをコンパイルしています ..\Classes\AppDelegate.cpp)
c:\cocosproj\idol\cocos2d\cocos\base\ccutf8.h : warning C4819: ファイルは、現在のコード ページ (932) で表示できない文字を含んでいます。データの損失を防ぐために、ファイルを Unicode 形式で保存してください。 (ソース ファイルをコンパイルしています ..\Classes\HelloWorldScene.cpp)
c:\cocosproj\idol\cocos2d\cocos\base\ccutf8.h : warning C4819: ファイルは、現在のコード ページ (932) で表示できない文字を含んでいます。データの損失を防ぐために、ファイルを Unicode 形式で保存してください。 (ソース ファイルをコンパイルしています main.cpp)
c:\cocosproj\idol\cocos2d\cocos\platform\ccsaxparser.h : warning C4819: ファイルは、現在のコード ページ (932) で表示できない文字を含んでいます。データの損失を防ぐために、ファイルを Unicode 形式で保存してください。 (ソース ファイルをコンパイルしています ..\Classes\AppDelegate.cpp)
c:\cocosproj\idol\cocos2d\cocos\platform\ccsaxparser.h : warning C4819: ファイルは、現在のコード ページ (932) で表示できない文字を含んでいます。データの損失を防ぐために、ファイルを Unicode 形式で保存してください。 (ソース ファイルをコンパイルしています main.cpp)
c:\cocosproj\idol\cocos2d\cocos\platform\ccsaxparser.h : warning C4819: ファイルは、現在のコード ページ (932) で表示できない文字を含んでいます。データの損失を防ぐために、ファイルを Unicode 形式で保存してください。 (ソース ファイルをコンパイルしています ..\Classes\HelloWorldScene.cpp)
c:\cocosproj\idol\classes\appdelegate.cpp(54): warning C4305: '引数': 'double' から 'float' へ切り詰めます。
AppDelegate.obj : warning LNK4075: /EDITANDCONTINUE は /SAFESEH の指定によって無視されます。
     ライブラリ C:\cocosproj\Idol\proj.win32\Debug.win32\Idol.lib とオブジェクト C:\cocosproj\Idol\proj.win32\Debug.win32\Idol.exp を作成中
  Idol.vcxproj -> C:\cocosproj\Idol\proj.win32\Debug.win32\Idol.exe
  C:\cocosproj\Idol\Resources\CloseNormal.png -> C:\cocosproj\Idol\proj.win32\Debug.win32\CloseNormal.png
  C:\cocosproj\Idol\Resources\CloseSelected.png -> C:\cocosproj\Idol\proj.win32\Debug.win32\CloseSelected.png
  C:\cocosproj\Idol\Resources\HelloWorld.png -> C:\cocosproj\Idol\proj.win32\Debug.win32\HelloWorld.png
  C:\cocosproj\Idol\Resources\fonts\arial.ttf -> C:\cocosproj\Idol\proj.win32\Debug.win32\fonts\arial.ttf
  C:\cocosproj\Idol\Resources\fonts\Marker Felt.ttf -> C:\cocosproj\Idol\proj.win32\Debug.win32\fonts\Marker Felt.ttf
  C:\cocosproj\Idol\Resources\res\.gitkeep -> C:\cocosproj\Idol\proj.win32\Debug.win32\res\.gitkeep
  6 File(s) copied
