  AssetsManager.cpp
  AssetsManagerEx.cpp
  CCEventAssetsManagerEx.cpp
  CCEventListenerAssetsManagerEx.cpp
  Manifest.cpp
c:\cocosproj\idol\cocos2d\cocos\base/ccUTF8.h : warning C4819: ファイルは、現在のコード ページ (932) で表示できない文字を含んでいます。データの損失を防ぐために、ファイルを Unicode 形式で保存してください。 (ソース ファイルをコンパイルしています ..\..\extensions\assets-manager\CCEventListenerAssetsManagerEx.cpp)
  CCControl.cpp
c:\cocosproj\idol\cocos2d\cocos\platform/CCSAXParser.h : warning C4819: ファイルは、現在のコード ページ (932) で表示できない文字を含んでいます。データの損失を防ぐために、ファイルを Unicode 形式で保存してください。 (ソース ファイルをコンパイルしています ..\..\extensions\assets-manager\CCEventListenerAssetsManagerEx.cpp)
  CCControlButton.cpp
  CCControlColourPicker.cpp
C:\cocosproj\Idol\cocos2d\cocos\ui/UIScale9Sprite.h : warning C4819: ファイルは、現在のコード ページ (932) で表示できない文字を含んでいます。データの損失を防ぐために、ファイルを Unicode 形式で保存してください。 (ソース ファイルをコンパイルしています ..\..\extensions\GUI\CCControlExtension\CCControlButton.cpp)
  CCControlHuePicker.cpp
  CCControlPotentiometer.cpp
  CCControlSaturationBrightnessPicker.cpp
  CCControlSlider.cpp
  CCControlStepper.cpp
  CCControlSwitch.cpp
  CCControlUtils.cpp
  CCInvocation.cpp
  CCScrollView.cpp
  CCTableView.cpp
  CCTableViewCell.cpp
  CCParticle3DAffector.cpp
  CCParticle3DEmitter.cpp
  CCParticle3DRender.cpp
  CCParticleSystem3D.cpp
  CCPUAffector.cpp
  CCPUAffectorManager.cpp
  CCPUAffectorTranslator.cpp
  CCPUAlignAffector.cpp
  CCPUAlignAffectorTranslator.cpp
  CCPUBaseCollider.cpp
  CCPUBaseColliderTranslator.cpp
  CCPUBaseForceAffector.cpp
  CCPUBaseForceAffectorTranslator.cpp
  CCPUBeamRender.cpp
  CCPUBehaviour.cpp
  CCPUBehaviourManager.cpp
  CCPUBehaviourTranslator.cpp
  CCPUBillboardChain.cpp
  CCPUBoxCollider.cpp
  CCPUBoxColliderTranslator.cpp
  CCPUBoxEmitter.cpp
  CCPUBoxEmitterTranslator.cpp
  CCPUCircleEmitter.cpp
  CCPUCircleEmitterTranslator.cpp
  CCPUCollisionAvoidanceAffector.cpp
  CCPUCollisionAvoidanceAffectorTranslator.cpp
  CCPUColorAffector.cpp
  CCPUColorAffectorTranslator.cpp
  CCPUDoAffectorEventHandler.cpp
  CCPUDoAffectorEventHandlerTranslator.cpp
  CCPUDoEnableComponentEventHandler.cpp
  CCPUDoEnableComponentEventHandlerTranslator.cpp
  CCPUDoExpireEventHandler.cpp
  CCPUDoExpireEventHandlerTranslator.cpp
  CCPUDoFreezeEventHandler.cpp
  CCPUDoFreezeEventHandlerTranslator.cpp
  CCPUDoPlacementParticleEventHandler.cpp
  CCPUDoPlacementParticleEventHandlerTranslator.cpp
  CCPUDoScaleEventHandler.cpp
  CCPUDoScaleEventHandlerTranslator.cpp
  CCPUDoStopSystemEventHandler.cpp
  CCPUDoStopSystemEventHandlerTranslator.cpp
  CCPUDynamicAttribute.cpp
  CCPUDynamicAttributeTranslator.cpp
  CCPUEmitter.cpp
  CCPUEmitterManager.cpp
  CCPUEmitterTranslator.cpp
  CCPUEventHandler.cpp
  CCPUEventHandlerManager.cpp
  CCPUEventHandlerTranslator.cpp
  CCPUFlockCenteringAffector.cpp
  CCPUFlockCenteringAffectorTranslator.cpp
  CCPUForceField.cpp
  CCPUForceFieldAffector.cpp
  CCPUForceFieldAffectorTranslator.cpp
  CCPUGeometryRotator.cpp
  CCPUGeometryRotatorTranslator.cpp
  CCPUGravityAffector.cpp
  CCPUGravityAffectorTranslator.cpp
  CCPUInterParticleCollider.cpp
  CCPUInterParticleColliderTranslator.cpp
  CCPUJetAffector.cpp
  CCPUJetAffectorTranslator.cpp
  CCPULineAffector.cpp
  CCPULineAffectorTranslator.cpp
  CCPULinearForceAffector.cpp
  CCPULinearForceAffectorTranslator.cpp
  CCPULineEmitter.cpp
  CCPULineEmitterTranslator.cpp
  CCPUListener.cpp
  CCPUMaterialManager.cpp
  CCPUMaterialTranslator.cpp
  CCPUMeshSurfaceEmitter.cpp
  CCPUMeshSurfaceEmitterTranslator.cpp
  CCPUNoise.cpp
  CCPUObserver.cpp
  CCPUObserverManager.cpp
  CCPUObserverTranslator.cpp
  CCPUOnClearObserver.cpp
  CCPUOnClearObserverTranslator.cpp
  CCPUOnCollisionObserver.cpp
  CCPUOnCollisionObserverTranslator.cpp
  CCPUOnCountObserver.cpp
  CCPUOnCountObserverTranslator.cpp
  CCPUOnEmissionObserver.cpp
  CCPUOnEmissionObserverTranslator.cpp
  CCPUOnEventFlagObserver.cpp
  CCPUOnEventFlagObserverTranslator.cpp
  CCPUOnExpireObserver.cpp
  CCPUOnExpireObserverTranslator.cpp
  CCPUOnPositionObserver.cpp
  CCPUOnPositionObserverTranslator.cpp
  CCPUOnQuotaObserver.cpp
  CCPUOnQuotaObserverTranslator.cpp
  CCPUOnRandomObserver.cpp
  CCPUOnRandomObserverTranslator.cpp
  CCPUOnTimeObserver.cpp
  CCPUOnTimeObserverTranslator.cpp
  CCPUOnVelocityObserver.cpp
  CCPUOnVelocityObserverTranslator.cpp
  CCPUParticleFollower.cpp
  CCPUParticleFollowerTranslator.cpp
  CCPUParticleSystem3D.cpp
  CCPUParticleSystem3DTranslator.cpp
  CCPUPathFollower.cpp
  CCPUPathFollowerTranslator.cpp
  CCPUPlane.cpp
  CCPUPlaneCollider.cpp
  CCPUPlaneColliderTranslator.cpp
  CCPUPointEmitter.cpp
  CCPUPointEmitterTranslator.cpp
  CCPUPositionEmitter.cpp
  CCPUPositionEmitterTranslator.cpp
  CCPURandomiser.cpp
  CCPURandomiserTranslator.cpp
  CCPURender.cpp
  CCPURendererTranslator.cpp
  CCPURibbonTrail.cpp
  CCPURibbonTrailRender.cpp
  CCPUScaleAffector.cpp
  CCPUScaleAffectorTranslator.cpp
  CCPUScaleVelocityAffector.cpp
  CCPUScaleVelocityAffectorTranslator.cpp
  CCPUScriptCompiler.cpp
  CCPUScriptLexer.cpp
  CCPUScriptParser.cpp
  CCPUScriptTranslator.cpp
  CCPUSimpleSpline.cpp
  CCPUSineForceAffector.cpp
  CCPUSineForceAffectorTranslator.cpp
  CCPUSlaveBehaviour.cpp
  CCPUSlaveBehaviourTranslator.cpp
  CCPUSlaveEmitter.cpp
  CCPUSlaveEmitterTranslator.cpp
  CCPUSphere.cpp
  CCPUSphereCollider.cpp
  CCPUSphereColliderTranslator.cpp
  CCPUSphereSurfaceEmitter.cpp
  CCPUSphereSurfaceEmitterTranslator.cpp
  CCPUTechniqueTranslator.cpp
  CCPUTextureAnimator.cpp
  CCPUTextureAnimatorTranslator.cpp
  CCPUTextureRotator.cpp
  CCPUTextureRotatorTranslator.cpp
  CCPUTranslateManager.cpp
  CCPUUtil.cpp
  CCPUVelocityMatchingAffector.cpp
  CCPUVelocityMatchingAffectorTranslator.cpp
  CCPUVertexEmitter.cpp
  CCPUVortexAffector.cpp
  CCPUVortexAffectorTranslator.cpp
  CCPhysicsDebugNode.cpp
  CCPhysicsSprite.cpp
  clipper.cpp
  ConvertUTF.c
  ConvertUTFWrapper.cpp
  edtaa3func.cpp
  flatc.cpp
  idl_gen_cpp.cpp
  idl_gen_fbs.cpp
  idl_gen_general.cpp
  idl_gen_go.cpp
  idl_gen_text.cpp
  idl_parser.cpp
  shapes.cc
  advancing_front.cc
  cdt.cc
  sweep.cc
  sweep_context.cc
  tinyxml2.cpp
  ioapi_mem.cpp
  ioapi.cpp
  unzip.cpp
  xxhash.c
  CCAABB.cpp
  CCAnimate3D.cpp
..\..\external\xxhash\xxhash.c(312): warning C4804: '/': 演算中の 'bool' 型の使用方法が安全ではありません
  CCAnimation3D.cpp
  CCAttachNode.cpp
  CCBillBoard.cpp
  CCBundle3D.cpp
  CCBundleReader.cpp
  CCFrustum.cpp
  CCMesh.cpp
  CCMeshSkin.cpp
  CCMeshVertexIndexData.cpp
  CCMotionStreak3D.cpp
  CCOBB.cpp
  CCObjLoader.cpp
  CCPlane.cpp
  CCRay.cpp
  CCSkeleton3D.cpp
  CCSkybox.cpp
  CCSprite3D.cpp
  CCSprite3DMaterial.cpp
  CCTerrain.cpp
  AudioEngine.cpp
  AudioCache.cpp
..\3d\CCSprite3D.cpp(467): warning C4018: '<': signed と unsigned の数値を比較しようとしました。
  AudioEngine-win32.cpp
..\3d\CCSprite3D.cpp(777): warning C4804: '>': 演算中の 'bool' 型の使用方法が安全ではありません
  AudioPlayer.cpp
  MciPlayer.cpp
  SimpleAudioEngine.cpp
  CCAllocatorDiagnostics.cpp
  CCAllocatorGlobal.cpp
  CCAllocatorGlobalNewDelete.cpp
  atitc.cpp
  base64.cpp
  CCAsyncTaskPool.cpp
  CCAutoreleasePool.cpp
  ccCArray.cpp
c:\cocosproj\idol\cocos2d\cocos\base/ccUTF8.h : warning C4819: ファイルは、現在のコード ページ (932) で表示できない文字を含んでいます。データの損失を防ぐために、ファイルを Unicode 形式で保存してください。 (ソース ファイルをコンパイルしています ..\audio\win32\SimpleAudioEngine.cpp)
  CCConfiguration.cpp
  CCConsole.cpp
  CCData.cpp
  CCDataVisitor.cpp
..\base\CCConsole.cpp(393): warning C4477: 'fprintf' : 書式文字列 '%s' には、型 'char *' の引数が必要ですが、可変個引数 2 は型 'WCHAR *' です
  ..\base\CCConsole.cpp(393): note: 書式文字列に '%ls' を使用することをお勧めします
  ..\base\CCConsole.cpp(393): note: 書式文字列に '%lls' を使用することをお勧めします
  ..\base\CCConsole.cpp(393): note: 書式文字列に '%Ls' を使用することをお勧めします
  ..\base\CCConsole.cpp(393): note: 書式文字列に '%ws' を使用することをお勧めします
  CCDirector.cpp
  CCEvent.cpp
  CCEventAcceleration.cpp
  CCEventCustom.cpp
c:\cocosproj\idol\cocos2d\cocos\platform/CCSAXParser.h : warning C4819: ファイルは、現在のコード ページ (932) で表示できない文字を含んでいます。データの損失を防ぐために、ファイルを Unicode 形式で保存してください。 (ソース ファイルをコンパイルしています ..\audio\win32\SimpleAudioEngine.cpp)
  CCEventDispatcher.cpp
  CCEventFocus.cpp
  CCEventKeyboard.cpp
  CCEventListener.cpp
  CCEventListenerAcceleration.cpp
  CCEventListenerCustom.cpp
  CCEventListenerFocus.cpp
  CCEventListenerKeyboard.cpp
  CCEventListenerMouse.cpp
  CCEventListenerTouch.cpp
  CCEventMouse.cpp
  CCEventTouch.cpp
  ccFPSImages.c
  CCIMEDispatcher.cpp
  CCNinePatchImageParser.cpp
  CCStencilStateManager.cpp
  CCNS.cpp
  CCProfiling.cpp
  CCProperties.cpp
  ccRandom.cpp
  CCRef.cpp
  CCScheduler.cpp
C:\cocosproj\Idol\cocos2d\cocos\base/ccUTF8.h : warning C4819: ファイルは、現在のコード ページ (932) で表示できない文字を含んでいます。データの損失を防ぐために、ファイルを Unicode 形式で保存してください。 (ソース ファイルをコンパイルしています ..\base\CCProperties.cpp)
  CCScriptSupport.cpp
  CCTouch.cpp
  ccTypes.cpp
  CCUserDefault.cpp
  ccUTF8.cpp
C:\cocosproj\Idol\cocos2d\cocos\base/ccUTF8.h : warning C4819: ファイルは、現在のコード ページ (932) で表示できない文字を含んでいます。データの損失を防ぐために、ファイルを Unicode 形式で保存してください。 (ソース ファイルをコンパイルしています ..\base\ccUTF8.cpp)
  ccUtils.cpp
  CCValue.cpp
..\base\ccUTF8.cpp(275): warning C4996: 'cocos2d::cc_wcslen': が古い形式として宣言されました。
  ..\base\ccUTF8.cpp(219): note: 'cocos2d::cc_wcslen' の宣言を確認してください
..\base\ccUTF8.cpp(318): warning C4996: 'cocos2d::cc_wcslen': が古い形式として宣言されました。
  ..\base\ccUTF8.cpp(219): note: 'cocos2d::cc_wcslen' の宣言を確認してください
  etc1.cpp
  pvr.cpp
  ObjectFactory.cpp
  s3tc.cpp
  TGAlib.cpp
  ZipUtils.cpp
  cocos2d.cpp
  CCArray.cpp
  CCDeprecated.cpp
  CCDictionary.cpp
  CCNotificationCenter.cpp
  CCSet.cpp
  CCString.cpp
  CCBAnimationManager.cpp
  CCBFileLoader.cpp
c:\cocosproj\idol\cocos2d\cocos\base/ccUTF8.h : warning C4819: ファイルは、現在のコード ページ (932) で表示できない文字を含んでいます。データの損失を防ぐために、ファイルを Unicode 形式で保存してください。 (ソース ファイルをコンパイルしています ..\deprecated\CCDeprecated.cpp)
c:\cocosproj\idol\cocos2d\cocos\platform/CCSAXParser.h : warning C4819: ファイルは、現在のコード ページ (932) で表示できない文字を含んでいます。データの損失を防ぐために、ファイルを Unicode 形式で保存してください。 (ソース ファイルをコンパイルしています ..\deprecated\CCDeprecated.cpp)
  CCBKeyframe.cpp
  CCBReader.cpp
  CCBSequence.cpp
  CCBSequenceProperty.cpp
  CCControlButtonLoader.cpp
  CCControlLoader.cpp
  CCLabelBMFontLoader.cpp
C:\cocosproj\Idol\cocos2d\cocos\ui/UIScale9Sprite.h : warning C4819: ファイルは、現在のコード ページ (932) で表示できない文字を含んでいます。データの損失を防ぐために、ファイルを Unicode 形式で保存してください。 (ソース ファイルをコンパイルしています ..\editor-support\cocosbuilder\CCControlButtonLoader.cpp)
  CCLabelTTFLoader.cpp
  CCLayerColorLoader.cpp
  CCLayerGradientLoader.cpp
  CCLayerLoader.cpp
  CCMenuItemImageLoader.cpp
  CCMenuItemLoader.cpp
  CCNode+CCBRelativePositioning.cpp
  CCNodeLoader.cpp
  CCNodeLoaderLibrary.cpp
  CCParticleSystemQuadLoader.cpp
  CCScale9SpriteLoader.cpp
c:\cocosproj\idol\cocos2d\cocos\base/ccUTF8.h : warning C4819: ファイルは、現在のコード ページ (932) で表示できない文字を含んでいます。データの損失を防ぐために、ファイルを Unicode 形式で保存してください。 (ソース ファイルをコンパイルしています ..\editor-support\cocosbuilder\CCNodeLoader.cpp)
C:\cocosproj\Idol\cocos2d\cocos\ui/UIScale9Sprite.h : warning C4819: ファイルは、現在のコード ページ (932) で表示できない文字を含んでいます。データの損失を防ぐために、ファイルを Unicode 形式で保存してください。 (ソース ファイルをコンパイルしています ..\editor-support\cocosbuilder\CCNodeLoaderLibrary.cpp)
c:\cocosproj\idol\cocos2d\cocos\platform/CCSAXParser.h : warning C4819: ファイルは、現在のコード ページ (932) で表示できない文字を含んでいます。データの損失を防ぐために、ファイルを Unicode 形式で保存してください。 (ソース ファイルをコンパイルしています ..\editor-support\cocosbuilder\CCNodeLoader.cpp)
C:\cocosproj\Idol\cocos2d\cocos\ui/UIScale9Sprite.h : warning C4819: ファイルは、現在のコード ページ (932) で表示できない文字を含んでいます。データの損失を防ぐために、ファイルを Unicode 形式で保存してください。 (ソース ファイルをコンパイルしています ..\editor-support\cocosbuilder\CCScale9SpriteLoader.cpp)
  CCScrollViewLoader.cpp
  CCSpriteLoader.cpp
  CCActionTimeline.cpp
  CCActionTimelineCache.cpp
  CCActionTimelineNode.cpp
  CCBoneNode.cpp
  CCFrame.cpp
c:\cocosproj\idol\cocos2d\cocos\base/ccUTF8.h : warning C4819: ファイルは、現在のコード ページ (932) で表示できない文字を含んでいます。データの損失を防ぐために、ファイルを Unicode 形式で保存してください。 (ソース ファイルをコンパイルしています ..\editor-support\cocostudio\ActionTimeline\CCActionTimelineCache.cpp)
c:\cocosproj\idol\cocos2d\cocos\base/ccUTF8.h : warning C4819: ファイルは、現在のコード ページ (932) で表示できない文字を含んでいます。データの損失を防ぐために、ファイルを Unicode 形式で保存してください。 (ソース ファイルをコンパイルしています ..\editor-support\cocostudio\ActionTimeline\CCActionTimelineNode.cpp)
c:\cocosproj\idol\cocos2d\cocos\platform/CCSAXParser.h : warning C4819: ファイルは、現在のコード ページ (932) で表示できない文字を含んでいます。データの損失を防ぐために、ファイルを Unicode 形式で保存してください。 (ソース ファイルをコンパイルしています ..\editor-support\cocostudio\ActionTimeline\CCActionTimelineCache.cpp)
c:\cocosproj\idol\cocos2d\cocos\platform/CCSAXParser.h : warning C4819: ファイルは、現在のコード ページ (932) で表示できない文字を含んでいます。データの損失を防ぐために、ファイルを Unicode 形式で保存してください。 (ソース ファイルをコンパイルしています ..\editor-support\cocostudio\ActionTimeline\CCActionTimelineNode.cpp)
  CCSkeletonNode.cpp
  CCSkinNode.cpp
  CCTimeLine.cpp
  CSLoader.cpp
  CCActionFrame.cpp
c:\cocosproj\idol\cocos2d\cocos\base/ccUTF8.h : warning C4819: ファイルは、現在のコード ページ (932) で表示できない文字を含んでいます。データの損失を防ぐために、ファイルを Unicode 形式で保存してください。 (ソース ファイルをコンパイルしています ..\editor-support\cocostudio\ActionTimeline\CSLoader.cpp)
  CCActionFrameEasing.cpp
c:\cocosproj\idol\cocos2d\cocos\platform/CCSAXParser.h : warning C4819: ファイルは、現在のコード ページ (932) で表示できない文字を含んでいます。データの損失を防ぐために、ファイルを Unicode 形式で保存してください。 (ソース ファイルをコンパイルしています ..\editor-support\cocostudio\ActionTimeline\CSLoader.cpp)
  CCActionManagerEx.cpp
  CCActionNode.cpp
  CCActionObject.cpp
C:\cocosproj\Idol\cocos2d\cocos\ui/UIScale9Sprite.h : warning C4819: ファイルは、現在のコード ページ (932) で表示できない文字を含んでいます。データの損失を防ぐために、ファイルを Unicode 形式で保存してください。 (ソース ファイルをコンパイルしています ..\editor-support\cocostudio\ActionTimeline\CSLoader.cpp)
  CCArmature.cpp
  CCArmatureAnimation.cpp
  CCArmatureDataManager.cpp
  CCArmatureDefine.cpp
  CCBatchNode.cpp
  CCBone.cpp
  CCColliderDetector.cpp
  CCComAttribute.cpp
  CCComAudio.cpp
  CCComController.cpp
  CCComRender.cpp
  CCDataReaderHelper.cpp
  CCDatas.cpp
  CCDecorativeDisplay.cpp
..\editor-support\cocostudio\CCDataReaderHelper.cpp(309): warning C4996: 'cocos2d::FileUtils::getFileData': が古い形式として宣言されました。
  C:\cocosproj\Idol\cocos2d\cocos\platform/CCFileUtils.h(111): note: 'cocos2d::FileUtils::getFileData' の宣言を確認してください
..\editor-support\cocostudio\CCDataReaderHelper.cpp(422): warning C4996: 'cocos2d::FileUtils::getFileData': が古い形式として宣言されました。
  C:\cocosproj\Idol\cocos2d\cocos\platform/CCFileUtils.h(111): note: 'cocos2d::FileUtils::getFileData' の宣言を確認してください
c:\cocosproj\idol\cocos2d\cocos\base/ccUTF8.h : warning C4819: ファイルは、現在のコード ページ (932) で表示できない文字を含んでいます。データの損失を防ぐために、ファイルを Unicode 形式で保存してください。 (ソース ファイルをコンパイルしています ..\editor-support\cocostudio\CCComRender.cpp)
  CCDisplayFactory.cpp
c:\cocosproj\idol\cocos2d\cocos\platform/CCSAXParser.h : warning C4819: ファイルは、現在のコード ページ (932) で表示できない文字を含んでいます。データの損失を防ぐために、ファイルを Unicode 形式で保存してください。 (ソース ファイルをコンパイルしています ..\editor-support\cocostudio\CCComRender.cpp)
  CCDisplayManager.cpp
  CCInputDelegate.cpp
  CCComExtensionData.cpp
  CCProcessBase.cpp
  CCSGUIReader.cpp
  CCSkin.cpp
c:\cocosproj\idol\cocos2d\cocos\base/ccUTF8.h : warning C4819: ファイルは、現在のコード ページ (932) で表示できない文字を含んでいます。データの損失を防ぐために、ファイルを Unicode 形式で保存してください。 (ソース ファイルをコンパイルしています ..\editor-support\cocostudio\CCSGUIReader.cpp)
  CCSpriteFrameCacheHelper.cpp
c:\cocosproj\idol\cocos2d\cocos\platform/CCSAXParser.h : warning C4819: ファイルは、現在のコード ページ (932) で表示できない文字を含んでいます。データの損失を防ぐために、ファイルを Unicode 形式で保存してください。 (ソース ファイルをコンパイルしています ..\editor-support\cocostudio\CCSGUIReader.cpp)
C:\cocosproj\Idol\cocos2d\cocos\ui/UIScale9Sprite.h : warning C4819: ファイルは、現在のコード ページ (932) で表示できない文字を含んでいます。データの損失を防ぐために、ファイルを Unicode 形式で保存してください。 (ソース ファイルをコンパイルしています ..\editor-support\cocostudio\CCSGUIReader.cpp)
  CCSSceneReader.cpp
  CCTransformHelp.cpp
  CCTween.cpp
c:\cocosproj\idol\cocos2d\cocos\base/ccUTF8.h : warning C4819: ファイルは、現在のコード ページ (932) で表示できない文字を含んでいます。データの損失を防ぐために、ファイルを Unicode 形式で保存してください。 (ソース ファイルをコンパイルしています ..\editor-support\cocostudio\CCSSceneReader.cpp)
c:\cocosproj\idol\cocos2d\cocos\platform/CCSAXParser.h : warning C4819: ファイルは、現在のコード ページ (932) で表示できない文字を含んでいます。データの損失を防ぐために、ファイルを Unicode 形式で保存してください。 (ソース ファイルをコンパイルしています ..\editor-support\cocostudio\CCSSceneReader.cpp)
  CCUtilMath.cpp
C:\cocosproj\Idol\cocos2d\cocos\ui/UIScale9Sprite.h : warning C4819: ファイルは、現在のコード ページ (932) で表示できない文字を含んでいます。データの損失を防ぐために、ファイルを Unicode 形式で保存してください。 (ソース ファイルをコンパイルしています ..\editor-support\cocostudio\CCSSceneReader.cpp)
  CocoLoader.cpp
  CocoStudio.cpp
  DictionaryHelper.cpp
  FlatBuffersSerialize.cpp
  TriggerBase.cpp
c:\cocosproj\idol\cocos2d\cocos\base/ccUTF8.h : warning C4819: ファイルは、現在のコード ページ (932) で表示できない文字を含んでいます。データの損失を防ぐために、ファイルを Unicode 形式で保存してください。 (ソース ファイルをコンパイルしています ..\editor-support\cocostudio\FlatBuffersSerialize.cpp)
c:\cocosproj\idol\cocos2d\cocos\base/ccUTF8.h : warning C4819: ファイルは、現在のコード ページ (932) で表示できない文字を含んでいます。データの損失を防ぐために、ファイルを Unicode 形式で保存してください。 (ソース ファイルをコンパイルしています ..\editor-support\cocostudio\CocoStudio.cpp)
c:\cocosproj\idol\cocos2d\cocos\platform/CCSAXParser.h : warning C4819: ファイルは、現在のコード ページ (932) で表示できない文字を含んでいます。データの損失を防ぐために、ファイルを Unicode 形式で保存してください。 (ソース ファイルをコンパイルしています ..\editor-support\cocostudio\FlatBuffersSerialize.cpp)
c:\cocosproj\idol\cocos2d\cocos\platform/CCSAXParser.h : warning C4819: ファイルは、現在のコード ページ (932) で表示できない文字を含んでいます。データの損失を防ぐために、ファイルを Unicode 形式で保存してください。 (ソース ファイルをコンパイルしています ..\editor-support\cocostudio\CocoStudio.cpp)
C:\cocosproj\Idol\cocos2d\cocos\ui/UIScale9Sprite.h : warning C4819: ファイルは、現在のコード ページ (932) で表示できない文字を含んでいます。データの損失を防ぐために、ファイルを Unicode 形式で保存してください。 (ソース ファイルをコンパイルしています ..\editor-support\cocostudio\FlatBuffersSerialize.cpp)
c:\cocosproj\idol\cocos2d\cocos\base/ccUTF8.h : warning C4819: ファイルは、現在のコード ページ (932) で表示できない文字を含んでいます。データの損失を防ぐために、ファイルを Unicode 形式で保存してください。 (ソース ファイルをコンパイルしています ..\editor-support\cocostudio\TriggerBase.cpp)
c:\cocosproj\idol\cocos2d\cocos\platform/CCSAXParser.h : warning C4819: ファイルは、現在のコード ページ (932) で表示できない文字を含んでいます。データの損失を防ぐために、ファイルを Unicode 形式で保存してください。 (ソース ファイルをコンパイルしています ..\editor-support\cocostudio\TriggerBase.cpp)
  TriggerMng.cpp
c:\cocosproj\idol\cocos2d\cocos\base/ccUTF8.h : warning C4819: ファイルは、現在のコード ページ (932) で表示できない文字を含んでいます。データの損失を防ぐために、ファイルを Unicode 形式で保存してください。 (ソース ファイルをコンパイルしています ..\editor-support\cocostudio\TriggerMng.cpp)
c:\cocosproj\idol\cocos2d\cocos\platform/CCSAXParser.h : warning C4819: ファイルは、現在のコード ページ (932) で表示できない文字を含んでいます。データの損失を防ぐために、ファイルを Unicode 形式で保存してください。 (ソース ファイルをコンパイルしています ..\editor-support\cocostudio\TriggerMng.cpp)
  TriggerObj.cpp
  WidgetCallBackHandlerProtocol.cpp
  ArmatureNodeReader.cpp
c:\cocosproj\idol\cocos2d\cocos\base/ccUTF8.h : warning C4819: ファイルは、現在のコード ページ (932) で表示できない文字を含んでいます。データの損失を防ぐために、ファイルを Unicode 形式で保存してください。 (ソース ファイルをコンパイルしています ..\editor-support\cocostudio\TriggerObj.cpp)
c:\cocosproj\idol\cocos2d\cocos\platform/CCSAXParser.h : warning C4819: ファイルは、現在のコード ページ (932) で表示できない文字を含んでいます。データの損失を防ぐために、ファイルを Unicode 形式で保存してください。 (ソース ファイルをコンパイルしています ..\editor-support\cocostudio\TriggerObj.cpp)
c:\cocosproj\idol\cocos2d\cocos\base/ccUTF8.h : warning C4819: ファイルは、現在のコード ページ (932) で表示できない文字を含んでいます。データの損失を防ぐために、ファイルを Unicode 形式で保存してください。 (ソース ファイルをコンパイルしています ..\editor-support\cocostudio\WidgetCallBackHandlerProtocol.cpp)
c:\cocosproj\idol\cocos2d\cocos\base/ccUTF8.h : warning C4819: ファイルは、現在のコード ページ (932) で表示できない文字を含んでいます。データの損失を防ぐために、ファイルを Unicode 形式で保存してください。 (ソース ファイルをコンパイルしています ..\editor-support\cocostudio\WidgetReader\ArmatureNodeReader\ArmatureNodeReader.cpp)
c:\cocosproj\idol\cocos2d\cocos\platform/CCSAXParser.h : warning C4819: ファイルは、現在のコード ページ (932) で表示できない文字を含んでいます。データの損失を防ぐために、ファイルを Unicode 形式で保存してください。 (ソース ファイルをコンパイルしています ..\editor-support\cocostudio\WidgetCallBackHandlerProtocol.cpp)
c:\cocosproj\idol\cocos2d\cocos\platform/CCSAXParser.h : warning C4819: ファイルは、現在のコード ページ (932) で表示できない文字を含んでいます。データの損失を防ぐために、ファイルを Unicode 形式で保存してください。 (ソース ファイルをコンパイルしています ..\editor-support\cocostudio\WidgetReader\ArmatureNodeReader\ArmatureNodeReader.cpp)
  ButtonReader.cpp
c:\cocosproj\idol\cocos2d\cocos\base/ccUTF8.h : warning C4819: ファイルは、現在のコード ページ (932) で表示できない文字を含んでいます。データの損失を防ぐために、ファイルを Unicode 形式で保存してください。 (ソース ファイルをコンパイルしています ..\editor-support\cocostudio\WidgetReader\ButtonReader\ButtonReader.cpp)
  CheckBoxReader.cpp
c:\cocosproj\idol\cocos2d\cocos\platform/CCSAXParser.h : warning C4819: ファイルは、現在のコード ページ (932) で表示できない文字を含んでいます。データの損失を防ぐために、ファイルを Unicode 形式で保存してください。 (ソース ファイルをコンパイルしています ..\editor-support\cocostudio\WidgetReader\ButtonReader\ButtonReader.cpp)
  ComAudioReader.cpp
  GameMapReader.cpp
c:\cocosproj\idol\cocos2d\cocos\base/ccUTF8.h : warning C4819: ファイルは、現在のコード ページ (932) で表示できない文字を含んでいます。データの損失を防ぐために、ファイルを Unicode 形式で保存してください。 (ソース ファイルをコンパイルしています ..\editor-support\cocostudio\WidgetReader\CheckBoxReader\CheckBoxReader.cpp)
c:\cocosproj\idol\cocos2d\cocos\platform/CCSAXParser.h : warning C4819: ファイルは、現在のコード ページ (932) で表示できない文字を含んでいます。データの損失を防ぐために、ファイルを Unicode 形式で保存してください。 (ソース ファイルをコンパイルしています ..\editor-support\cocostudio\WidgetReader\CheckBoxReader\CheckBoxReader.cpp)
c:\cocosproj\idol\cocos2d\cocos\base/ccUTF8.h : warning C4819: ファイルは、現在のコード ページ (932) で表示できない文字を含んでいます。データの損失を防ぐために、ファイルを Unicode 形式で保存してください。 (ソース ファイルをコンパイルしています ..\editor-support\cocostudio\WidgetReader\ComAudioReader\ComAudioReader.cpp)
c:\cocosproj\idol\cocos2d\cocos\base/ccUTF8.h : warning C4819: ファイルは、現在のコード ページ (932) で表示できない文字を含んでいます。データの損失を防ぐために、ファイルを Unicode 形式で保存してください。 (ソース ファイルをコンパイルしています ..\editor-support\cocostudio\WidgetReader\GameMapReader\GameMapReader.cpp)
c:\cocosproj\idol\cocos2d\cocos\platform/CCSAXParser.h : warning C4819: ファイルは、現在のコード ページ (932) で表示できない文字を含んでいます。データの損失を防ぐために、ファイルを Unicode 形式で保存してください。 (ソース ファイルをコンパイルしています ..\editor-support\cocostudio\WidgetReader\ComAudioReader\ComAudioReader.cpp)
c:\cocosproj\idol\cocos2d\cocos\platform/CCSAXParser.h : warning C4819: ファイルは、現在のコード ページ (932) で表示できない文字を含んでいます。データの損失を防ぐために、ファイルを Unicode 形式で保存してください。 (ソース ファイルをコンパイルしています ..\editor-support\cocostudio\WidgetReader\GameMapReader\GameMapReader.cpp)
  GameNode3DReader.cpp
  ImageViewReader.cpp
c:\cocosproj\idol\cocos2d\cocos\base/ccUTF8.h : warning C4819: ファイルは、現在のコード ページ (932) で表示できない文字を含んでいます。データの損失を防ぐために、ファイルを Unicode 形式で保存してください。 (ソース ファイルをコンパイルしています ..\editor-support\cocostudio\WidgetReader\GameNode3DReader\GameNode3DReader.cpp)
c:\cocosproj\idol\cocos2d\cocos\platform/CCSAXParser.h : warning C4819: ファイルは、現在のコード ページ (932) で表示できない文字を含んでいます。データの損失を防ぐために、ファイルを Unicode 形式で保存してください。 (ソース ファイルをコンパイルしています ..\editor-support\cocostudio\WidgetReader\GameNode3DReader\GameNode3DReader.cpp)
  LayoutReader.cpp
  Light3DReader.cpp
c:\cocosproj\idol\cocos2d\cocos\base/ccUTF8.h : warning C4819: ファイルは、現在のコード ページ (932) で表示できない文字を含んでいます。データの損失を防ぐために、ファイルを Unicode 形式で保存してください。 (ソース ファイルをコンパイルしています ..\editor-support\cocostudio\WidgetReader\ImageViewReader\ImageViewReader.cpp)
c:\cocosproj\idol\cocos2d\cocos\platform/CCSAXParser.h : warning C4819: ファイルは、現在のコード ページ (932) で表示できない文字を含んでいます。データの損失を防ぐために、ファイルを Unicode 形式で保存してください。 (ソース ファイルをコンパイルしています ..\editor-support\cocostudio\WidgetReader\ImageViewReader\ImageViewReader.cpp)
c:\cocosproj\idol\cocos2d\cocos\base/ccUTF8.h : warning C4819: ファイルは、現在のコード ページ (932) で表示できない文字を含んでいます。データの損失を防ぐために、ファイルを Unicode 形式で保存してください。 (ソース ファイルをコンパイルしています ..\editor-support\cocostudio\WidgetReader\LayoutReader\LayoutReader.cpp)
c:\cocosproj\idol\cocos2d\cocos\base/ccUTF8.h : warning C4819: ファイルは、現在のコード ページ (932) で表示できない文字を含んでいます。データの損失を防ぐために、ファイルを Unicode 形式で保存してください。 (ソース ファイルをコンパイルしています ..\editor-support\cocostudio\WidgetReader\Light3DReader\Light3DReader.cpp)
c:\cocosproj\idol\cocos2d\cocos\platform/CCSAXParser.h : warning C4819: ファイルは、現在のコード ページ (932) で表示できない文字を含んでいます。データの損失を防ぐために、ファイルを Unicode 形式で保存してください。 (ソース ファイルをコンパイルしています ..\editor-support\cocostudio\WidgetReader\LayoutReader\LayoutReader.cpp)
c:\cocosproj\idol\cocos2d\cocos\platform/CCSAXParser.h : warning C4819: ファイルは、現在のコード ページ (932) で表示できない文字を含んでいます。データの損失を防ぐために、ファイルを Unicode 形式で保存してください。 (ソース ファイルをコンパイルしています ..\editor-support\cocostudio\WidgetReader\Light3DReader\Light3DReader.cpp)
..\editor-support\cocostudio\WidgetReader\Light3DReader\Light3DReader.cpp(163): warning C4800: 'uint8_t': ブール値を 'true' または 'false' に強制的に設定します (警告の処理)
  ListViewReader.cpp
  LoadingBarReader.cpp
c:\cocosproj\idol\cocos2d\cocos\base/ccUTF8.h : warning C4819: ファイルは、現在のコード ページ (932) で表示できない文字を含んでいます。データの損失を防ぐために、ファイルを Unicode 形式で保存してください。 (ソース ファイルをコンパイルしています ..\editor-support\cocostudio\WidgetReader\ListViewReader\ListViewReader.cpp)
c:\cocosproj\idol\cocos2d\cocos\platform/CCSAXParser.h : warning C4819: ファイルは、現在のコード ページ (932) で表示できない文字を含んでいます。データの損失を防ぐために、ファイルを Unicode 形式で保存してください。 (ソース ファイルをコンパイルしています ..\editor-support\cocostudio\WidgetReader\ListViewReader\ListViewReader.cpp)
  NodeReaderDefine.cpp
  NodeReaderProtocol.cpp
  NodeReader.cpp
  PageViewReader.cpp
c:\cocosproj\idol\cocos2d\cocos\base/ccUTF8.h : warning C4819: ファイルは、現在のコード ページ (932) で表示できない文字を含んでいます。データの損失を防ぐために、ファイルを Unicode 形式で保存してください。 (ソース ファイルをコンパイルしています ..\editor-support\cocostudio\WidgetReader\LoadingBarReader\LoadingBarReader.cpp)
c:\cocosproj\idol\cocos2d\cocos\platform/CCSAXParser.h : warning C4819: ファイルは、現在のコード ページ (932) で表示できない文字を含んでいます。データの損失を防ぐために、ファイルを Unicode 形式で保存してください。 (ソース ファイルをコンパイルしています ..\editor-support\cocostudio\WidgetReader\LoadingBarReader\LoadingBarReader.cpp)
c:\cocosproj\idol\cocos2d\cocos\base/ccUTF8.h : warning C4819: ファイルは、現在のコード ページ (932) で表示できない文字を含んでいます。データの損失を防ぐために、ファイルを Unicode 形式で保存してください。 (ソース ファイルをコンパイルしています ..\editor-support\cocostudio\WidgetReader\NodeReader\NodeReader.cpp)
c:\cocosproj\idol\cocos2d\cocos\platform/CCSAXParser.h : warning C4819: ファイルは、現在のコード ページ (932) で表示できない文字を含んでいます。データの損失を防ぐために、ファイルを Unicode 形式で保存してください。 (ソース ファイルをコンパイルしています ..\editor-support\cocostudio\WidgetReader\NodeReader\NodeReader.cpp)
c:\cocosproj\idol\cocos2d\cocos\base/ccUTF8.h : warning C4819: ファイルは、現在のコード ページ (932) で表示できない文字を含んでいます。データの損失を防ぐために、ファイルを Unicode 形式で保存してください。 (ソース ファイルをコンパイルしています ..\editor-support\cocostudio\WidgetReader\PageViewReader\PageViewReader.cpp)
c:\cocosproj\idol\cocos2d\cocos\platform/CCSAXParser.h : warning C4819: ファイルは、現在のコード ページ (932) で表示できない文字を含んでいます。データの損失を防ぐために、ファイルを Unicode 形式で保存してください。 (ソース ファイルをコンパイルしています ..\editor-support\cocostudio\WidgetReader\PageViewReader\PageViewReader.cpp)
  ParticleReader.cpp
  ProjectNodeReader.cpp
c:\cocosproj\idol\cocos2d\cocos\base/ccUTF8.h : warning C4819: ファイルは、現在のコード ページ (932) で表示できない文字を含んでいます。データの損失を防ぐために、ファイルを Unicode 形式で保存してください。 (ソース ファイルをコンパイルしています ..\editor-support\cocostudio\WidgetReader\ParticleReader\ParticleReader.cpp)
c:\cocosproj\idol\cocos2d\cocos\platform/CCSAXParser.h : warning C4819: ファイルは、現在のコード ページ (932) で表示できない文字を含んでいます。データの損失を防ぐために、ファイルを Unicode 形式で保存してください。 (ソース ファイルをコンパイルしています ..\editor-support\cocostudio\WidgetReader\ParticleReader\ParticleReader.cpp)
  ScrollViewReader.cpp
  SingleNodeReader.cpp
c:\cocosproj\idol\cocos2d\cocos\base/ccUTF8.h : warning C4819: ファイルは、現在のコード ページ (932) で表示できない文字を含んでいます。データの損失を防ぐために、ファイルを Unicode 形式で保存してください。 (ソース ファイルをコンパイルしています ..\editor-support\cocostudio\WidgetReader\ProjectNodeReader\ProjectNodeReader.cpp)
c:\cocosproj\idol\cocos2d\cocos\platform/CCSAXParser.h : warning C4819: ファイルは、現在のコード ページ (932) で表示できない文字を含んでいます。データの損失を防ぐために、ファイルを Unicode 形式で保存してください。 (ソース ファイルをコンパイルしています ..\editor-support\cocostudio\WidgetReader\ProjectNodeReader\ProjectNodeReader.cpp)
c:\cocosproj\idol\cocos2d\cocos\base/ccUTF8.h : warning C4819: ファイルは、現在のコード ページ (932) で表示できない文字を含んでいます。データの損失を防ぐために、ファイルを Unicode 形式で保存してください。 (ソース ファイルをコンパイルしています ..\editor-support\cocostudio\WidgetReader\ScrollViewReader\ScrollViewReader.cpp)
c:\cocosproj\idol\cocos2d\cocos\platform/CCSAXParser.h : warning C4819: ファイルは、現在のコード ページ (932) で表示できない文字を含んでいます。データの損失を防ぐために、ファイルを Unicode 形式で保存してください。 (ソース ファイルをコンパイルしています ..\editor-support\cocostudio\WidgetReader\ScrollViewReader\ScrollViewReader.cpp)
c:\cocosproj\idol\cocos2d\cocos\base/ccUTF8.h : warning C4819: ファイルは、現在のコード ページ (932) で表示できない文字を含んでいます。データの損失を防ぐために、ファイルを Unicode 形式で保存してください。 (ソース ファイルをコンパイルしています ..\editor-support\cocostudio\WidgetReader\SingleNodeReader\SingleNodeReader.cpp)
c:\cocosproj\idol\cocos2d\cocos\platform/CCSAXParser.h : warning C4819: ファイルは、現在のコード ページ (932) で表示できない文字を含んでいます。データの損失を防ぐために、ファイルを Unicode 形式で保存してください。 (ソース ファイルをコンパイルしています ..\editor-support\cocostudio\WidgetReader\SingleNodeReader\SingleNodeReader.cpp)
  BoneNodeReader.cpp
  SkeletonNodeReader.cpp
c:\cocosproj\idol\cocos2d\cocos\base/ccUTF8.h : warning C4819: ファイルは、現在のコード ページ (932) で表示できない文字を含んでいます。データの損失を防ぐために、ファイルを Unicode 形式で保存してください。 (ソース ファイルをコンパイルしています ..\editor-support\cocostudio\WidgetReader\SkeletonReader\BoneNodeReader.cpp)
c:\cocosproj\idol\cocos2d\cocos\platform/CCSAXParser.h : warning C4819: ファイルは、現在のコード ページ (932) で表示できない文字を含んでいます。データの損失を防ぐために、ファイルを Unicode 形式で保存してください。 (ソース ファイルをコンパイルしています ..\editor-support\cocostudio\WidgetReader\SkeletonReader\BoneNodeReader.cpp)
  SliderReader.cpp
c:\cocosproj\idol\cocos2d\cocos\base/ccUTF8.h : warning C4819: ファイルは、現在のコード ページ (932) で表示できない文字を含んでいます。データの損失を防ぐために、ファイルを Unicode 形式で保存してください。 (ソース ファイルをコンパイルしています ..\editor-support\cocostudio\WidgetReader\SkeletonReader\SkeletonNodeReader.cpp)
  SpriteReader.cpp
c:\cocosproj\idol\cocos2d\cocos\platform/CCSAXParser.h : warning C4819: ファイルは、現在のコード ページ (932) で表示できない文字を含んでいます。データの損失を防ぐために、ファイルを Unicode 形式で保存してください。 (ソース ファイルをコンパイルしています ..\editor-support\cocostudio\WidgetReader\SkeletonReader\SkeletonNodeReader.cpp)
c:\cocosproj\idol\cocos2d\cocos\base/ccUTF8.h : warning C4819: ファイルは、現在のコード ページ (932) で表示できない文字を含んでいます。データの損失を防ぐために、ファイルを Unicode 形式で保存してください。 (ソース ファイルをコンパイルしています ..\editor-support\cocostudio\WidgetReader\SliderReader\SliderReader.cpp)
c:\cocosproj\idol\cocos2d\cocos\base/ccUTF8.h : warning C4819: ファイルは、現在のコード ページ (932) で表示できない文字を含んでいます。データの損失を防ぐために、ファイルを Unicode 形式で保存してください。 (ソース ファイルをコンパイルしています ..\editor-support\cocostudio\WidgetReader\SpriteReader\SpriteReader.cpp)
c:\cocosproj\idol\cocos2d\cocos\platform/CCSAXParser.h : warning C4819: ファイルは、現在のコード ページ (932) で表示できない文字を含んでいます。データの損失を防ぐために、ファイルを Unicode 形式で保存してください。 (ソース ファイルをコンパイルしています ..\editor-support\cocostudio\WidgetReader\SliderReader\SliderReader.cpp)
c:\cocosproj\idol\cocos2d\cocos\platform/CCSAXParser.h : warning C4819: ファイルは、現在のコード ページ (932) で表示できない文字を含んでいます。データの損失を防ぐために、ファイルを Unicode 形式で保存してください。 (ソース ファイルをコンパイルしています ..\editor-support\cocostudio\WidgetReader\SpriteReader\SpriteReader.cpp)
  TextAtlasReader.cpp
  TextBMFontReader.cpp
c:\cocosproj\idol\cocos2d\cocos\base/ccUTF8.h : warning C4819: ファイルは、現在のコード ページ (932) で表示できない文字を含んでいます。データの損失を防ぐために、ファイルを Unicode 形式で保存してください。 (ソース ファイルをコンパイルしています ..\editor-support\cocostudio\WidgetReader\TextAtlasReader\TextAtlasReader.cpp)
c:\cocosproj\idol\cocos2d\cocos\platform/CCSAXParser.h : warning C4819: ファイルは、現在のコード ページ (932) で表示できない文字を含んでいます。データの損失を防ぐために、ファイルを Unicode 形式で保存してください。 (ソース ファイルをコンパイルしています ..\editor-support\cocostudio\WidgetReader\TextAtlasReader\TextAtlasReader.cpp)
c:\cocosproj\idol\cocos2d\cocos\base/ccUTF8.h : warning C4819: ファイルは、現在のコード ページ (932) で表示できない文字を含んでいます。データの損失を防ぐために、ファイルを Unicode 形式で保存してください。 (ソース ファイルをコンパイルしています ..\editor-support\cocostudio\WidgetReader\TextBMFontReader\TextBMFontReader.cpp)
  TextFieldReader.cpp
  TextReader.cpp
c:\cocosproj\idol\cocos2d\cocos\platform/CCSAXParser.h : warning C4819: ファイルは、現在のコード ページ (932) で表示できない文字を含んでいます。データの損失を防ぐために、ファイルを Unicode 形式で保存してください。 (ソース ファイルをコンパイルしています ..\editor-support\cocostudio\WidgetReader\TextBMFontReader\TextBMFontReader.cpp)
c:\cocosproj\idol\cocos2d\cocos\base/ccUTF8.h : warning C4819: ファイルは、現在のコード ページ (932) で表示できない文字を含んでいます。データの損失を防ぐために、ファイルを Unicode 形式で保存してください。 (ソース ファイルをコンパイルしています ..\editor-support\cocostudio\WidgetReader\TextFieldReader\TextFieldReader.cpp)
c:\cocosproj\idol\cocos2d\cocos\base/ccUTF8.h : warning C4819: ファイルは、現在のコード ページ (932) で表示できない文字を含んでいます。データの損失を防ぐために、ファイルを Unicode 形式で保存してください。 (ソース ファイルをコンパイルしています ..\editor-support\cocostudio\WidgetReader\TextReader\TextReader.cpp)
c:\cocosproj\idol\cocos2d\cocos\platform/CCSAXParser.h : warning C4819: ファイルは、現在のコード ページ (932) で表示できない文字を含んでいます。データの損失を防ぐために、ファイルを Unicode 形式で保存してください。 (ソース ファイルをコンパイルしています ..\editor-support\cocostudio\WidgetReader\TextFieldReader\TextFieldReader.cpp)
c:\cocosproj\idol\cocos2d\cocos\platform/CCSAXParser.h : warning C4819: ファイルは、現在のコード ページ (932) で表示できない文字を含んでいます。データの損失を防ぐために、ファイルを Unicode 形式で保存してください。 (ソース ファイルをコンパイルしています ..\editor-support\cocostudio\WidgetReader\TextReader\TextReader.cpp)
  Node3DReader.cpp
  Sprite3DReader.cpp
c:\cocosproj\idol\cocos2d\cocos\base/ccUTF8.h : warning C4819: ファイルは、現在のコード ページ (932) で表示できない文字を含んでいます。データの損失を防ぐために、ファイルを Unicode 形式で保存してください。 (ソース ファイルをコンパイルしています ..\editor-support\cocostudio\WidgetReader\Node3DReader\Node3DReader.cpp)
c:\cocosproj\idol\cocos2d\cocos\platform/CCSAXParser.h : warning C4819: ファイルは、現在のコード ページ (932) で表示できない文字を含んでいます。データの損失を防ぐために、ファイルを Unicode 形式で保存してください。 (ソース ファイルをコンパイルしています ..\editor-support\cocostudio\WidgetReader\Node3DReader\Node3DReader.cpp)
c:\cocosproj\idol\cocos2d\cocos\base/ccUTF8.h : warning C4819: ファイルは、現在のコード ページ (932) で表示できない文字を含んでいます。データの損失を防ぐために、ファイルを Unicode 形式で保存してください。 (ソース ファイルをコンパイルしています ..\editor-support\cocostudio\WidgetReader\Sprite3DReader\Sprite3DReader.cpp)
  UserCameraReader.cpp
  Particle3DReader.cpp
c:\cocosproj\idol\cocos2d\cocos\platform/CCSAXParser.h : warning C4819: ファイルは、現在のコード ページ (932) で表示できない文字を含んでいます。データの損失を防ぐために、ファイルを Unicode 形式で保存してください。 (ソース ファイルをコンパイルしています ..\editor-support\cocostudio\WidgetReader\Sprite3DReader\Sprite3DReader.cpp)
c:\cocosproj\idol\cocos2d\cocos\base/ccUTF8.h : warning C4819: ファイルは、現在のコード ページ (932) で表示できない文字を含んでいます。データの損失を防ぐために、ファイルを Unicode 形式で保存してください。 (ソース ファイルをコンパイルしています ..\editor-support\cocostudio\WidgetReader\UserCameraReader\UserCameraReader.cpp)
c:\cocosproj\idol\cocos2d\cocos\base/ccUTF8.h : warning C4819: ファイルは、現在のコード ページ (932) で表示できない文字を含んでいます。データの損失を防ぐために、ファイルを Unicode 形式で保存してください。 (ソース ファイルをコンパイルしています ..\editor-support\cocostudio\WidgetReader\Particle3DReader\Particle3DReader.cpp)
c:\cocosproj\idol\cocos2d\cocos\platform/CCSAXParser.h : warning C4819: ファイルは、現在のコード ページ (932) で表示できない文字を含んでいます。データの損失を防ぐために、ファイルを Unicode 形式で保存してください。 (ソース ファイルをコンパイルしています ..\editor-support\cocostudio\WidgetReader\Particle3DReader\Particle3DReader.cpp)
c:\cocosproj\idol\cocos2d\cocos\platform/CCSAXParser.h : warning C4819: ファイルは、現在のコード ページ (932) で表示できない文字を含んでいます。データの損失を防ぐために、ファイルを Unicode 形式で保存してください。 (ソース ファイルをコンパイルしています ..\editor-support\cocostudio\WidgetReader\UserCameraReader\UserCameraReader.cpp)
  WidgetReader.cpp
  CCAffineTransform.cpp
c:\cocosproj\idol\cocos2d\cocos\base/ccUTF8.h : warning C4819: ファイルは、現在のコード ページ (932) で表示できない文字を含んでいます。データの損失を防ぐために、ファイルを Unicode 形式で保存してください。 (ソース ファイルをコンパイルしています ..\editor-support\cocostudio\WidgetReader\WidgetReader.cpp)
  CCGeometry.cpp
c:\cocosproj\idol\cocos2d\cocos\platform/CCSAXParser.h : warning C4819: ファイルは、現在のコード ページ (932) で表示できない文字を含んでいます。データの損失を防ぐために、ファイルを Unicode 形式で保存してください。 (ソース ファイルをコンパイルしています ..\editor-support\cocostudio\WidgetReader\WidgetReader.cpp)
  CCVertex.cpp
  Mat4.cpp
  MathUtil.cpp
  Quaternion.cpp
  TransformUtils.cpp
  Vec2.cpp
  Vec3.cpp
  Vec4.cpp
  CCNavMesh.cpp
  CCNavMeshAgent.cpp
  CCNavMeshDebugDraw.cpp
  CCNavMeshObstacle.cpp
  CCNavMeshUtils.cpp
  CCDownloader-curl.cpp
  CCDownloader.cpp
  HttpClient.cpp
  SocketIO.cpp
  WebSocket.cpp
  CCPhysics3D.cpp
  CCPhysics3DComponent.cpp
  CCPhysics3DConstraint.cpp
  CCPhysics3DDebugDrawer.cpp
c:\cocosproj\idol\cocos2d\external\bullet\bulletcollision\broadphasecollision\btDbvtBroadphase.h(62): warning C4099: 'btDbvtBroadphase': タイプ名は最初 'class' として使われていましたが 'struct' として使われています。 (ソース ファイルをコンパイルしています ..\physics3d\CCPhysics3DDebugDrawer.cpp)
c:\cocosproj\idol\cocos2d\external\bullet\bulletcollision\broadphasecollision\btDbvtBroadphase.h(62): warning C4099: 'btDbvtBroadphase': タイプ名は最初 'class' として使われていましたが 'struct' として使われています。 (ソース ファイルをコンパイルしています ..\physics3d\CCPhysics3DComponent.cpp)
c:\cocosproj\idol\cocos2d\external\bullet\bulletcollision\broadphasecollision\btDbvtBroadphase.h(62): warning C4099: 'btDbvtBroadphase': タイプ名は最初 'class' として使われていましたが 'struct' として使われています。 (ソース ファイルをコンパイルしています ..\physics3d\CCPhysics3DConstraint.cpp)
c:\cocosproj\idol\cocos2d\external\bullet\bulletcollision\broadphasecollision\btDbvtBroadphase.h(62): warning C4099: 'btDbvtBroadphase': タイプ名は最初 'class' として使われていましたが 'struct' として使われています。 (ソース ファイルをコンパイルしています ..\physics3d\CCPhysics3D.cpp)
  c:\cocosproj\idol\cocos2d\external\bullet\bulletcollision\broadphasecollision\btDbvtBroadphase.h(62): note: 'btDbvtBroadphase' の宣言を確認してください (ソース ファイルをコンパイルしています ..\physics3d\CCPhysics3DDebugDrawer.cpp)
  c:\cocosproj\idol\cocos2d\external\bullet\bulletcollision\broadphasecollision\btDbvtBroadphase.h(62): note: 'btDbvtBroadphase' の宣言を確認してください (ソース ファイルをコンパイルしています ..\physics3d\CCPhysics3DComponent.cpp)
  c:\cocosproj\idol\cocos2d\external\bullet\bulletcollision\broadphasecollision\btDbvtBroadphase.h(62): note: 'btDbvtBroadphase' の宣言を確認してください (ソース ファイルをコンパイルしています ..\physics3d\CCPhysics3DConstraint.cpp)
  c:\cocosproj\idol\cocos2d\external\bullet\bulletcollision\broadphasecollision\btDbvtBroadphase.h(62): note: 'btDbvtBroadphase' の宣言を確認してください (ソース ファイルをコンパイルしています ..\physics3d\CCPhysics3D.cpp)
..\physics3d\CCPhysics3DComponent.cpp(103): warning C4018: '<': signed と unsigned の数値を比較しようとしました。
  CCPhysics3DObject.cpp
  CCPhysics3DShape.cpp
  CCPhysics3DWorld.cpp
  CCPhysicsSprite3D.cpp
c:\cocosproj\idol\cocos2d\external\bullet\bulletcollision\broadphasecollision\btDbvtBroadphase.h(62): warning C4099: 'btDbvtBroadphase': タイプ名は最初 'class' として使われていましたが 'struct' として使われています。 (ソース ファイルをコンパイルしています ..\physics3d\CCPhysics3DObject.cpp)
  c:\cocosproj\idol\cocos2d\external\bullet\bulletcollision\broadphasecollision\btDbvtBroadphase.h(62): note: 'btDbvtBroadphase' の宣言を確認してください (ソース ファイルをコンパイルしています ..\physics3d\CCPhysics3DObject.cpp)
c:\cocosproj\idol\cocos2d\external\bullet\bulletcollision\broadphasecollision\btDbvtBroadphase.h(62): warning C4099: 'btDbvtBroadphase': タイプ名は最初 'class' として使われていましたが 'struct' として使われています。 (ソース ファイルをコンパイルしています ..\physics3d\CCPhysics3DWorld.cpp)
  c:\cocosproj\idol\cocos2d\external\bullet\bulletcollision\broadphasecollision\btDbvtBroadphase.h(62): note: 'btDbvtBroadphase' の宣言を確認してください (ソース ファイルをコンパイルしています ..\physics3d\CCPhysics3DWorld.cpp)
c:\cocosproj\idol\cocos2d\external\bullet\bulletcollision\broadphasecollision\btDbvtBroadphase.h(62): warning C4099: 'btDbvtBroadphase': タイプ名は最初 'class' として使われていましたが 'struct' として使われています。 (ソース ファイルをコンパイルしています ..\physics3d\CCPhysics3DShape.cpp)
  c:\cocosproj\idol\cocos2d\external\bullet\bulletcollision\broadphasecollision\btDbvtBroadphase.h(62): note: 'btDbvtBroadphase' の宣言を確認してください (ソース ファイルをコンパイルしています ..\physics3d\CCPhysics3DShape.cpp)
C:\cocosproj\Idol\cocos2d\cocos\base/ccUTF8.h : warning C4819: ファイルは、現在のコード ページ (932) で表示できない文字を含んでいます。データの損失を防ぐために、ファイルを Unicode 形式で保存してください。 (ソース ファイルをコンパイルしています ..\physics3d\CCPhysics3DObject.cpp)
c:\cocosproj\idol\cocos2d\external\bullet\bulletcollision\broadphasecollision\btDbvtBroadphase.h(62): warning C4099: 'btDbvtBroadphase': タイプ名は最初 'class' として使われていましたが 'struct' として使われています。 (ソース ファイルをコンパイルしています ..\physics3d\CCPhysicsSprite3D.cpp)
  c:\cocosproj\idol\cocos2d\external\bullet\bulletcollision\broadphasecollision\btDbvtBroadphase.h(62): note: 'btDbvtBroadphase' の宣言を確認してください (ソース ファイルをコンパイルしています ..\physics3d\CCPhysicsSprite3D.cpp)
  CCPhysicsBody.cpp
  CCPhysicsContact.cpp
  CCPhysicsJoint.cpp
  CCPhysicsShape.cpp
  CCPhysicsWorld.cpp
  CCFileUtils.cpp
  CCGLView.cpp
  CCImage.cpp
C:\cocosproj\Idol\cocos2d\cocos\platform/CCSAXParser.h : warning C4819: ファイルは、現在のコード ページ (932) で表示できない文字を含んでいます。データの損失を防ぐために、ファイルを Unicode 形式で保存してください。 (ソース ファイルをコンパイルしています ..\platform\CCFileUtils.cpp)
  CCSAXParser.cpp
..\platform\CCImage.cpp(2130): warning C4800: 'int': ブール値を 'true' または 'false' に強制的に設定します (警告の処理)
..\platform\CCSAXParser.cpp : warning C4819: ファイルは、現在のコード ページ (932) で表示できない文字を含んでいます。データの損失を防ぐために、ファイルを Unicode 形式で保存してください。
C:\cocosproj\Idol\cocos2d\cocos\platform/CCSAXParser.h : warning C4819: ファイルは、現在のコード ページ (932) で表示できない文字を含んでいます。データの損失を防ぐために、ファイルを Unicode 形式で保存してください。 (ソース ファイルをコンパイルしています ..\platform\CCSAXParser.cpp)
  CCThread.cpp
  CCGLViewImpl-desktop.cpp
  CCApplication-win32.cpp
  CCCommon-win32.cpp
C:\cocosproj\Idol\cocos2d\cocos\base/ccUTF8.h : warning C4819: ファイルは、現在のコード ページ (932) で表示できない文字を含んでいます。データの損失を防ぐために、ファイルを Unicode 形式で保存してください。 (ソース ファイルをコンパイルしています ..\platform\desktop\CCGLViewImpl-desktop.cpp)
  CCDevice-win32.cpp
  CCFileUtils-win32.cpp
  CCStdC-win32.cpp
  CCBatchCommand.cpp
c:\cocosproj\idol\cocos2d\cocos\platform\win32\CCFileUtils-win32.h(119): warning C4996: 'cocos2d::FileUtils::getFileData': が古い形式として宣言されました。 (ソース ファイルをコンパイルしています ..\platform\win32\CCFileUtils-win32.cpp)
  C:\cocosproj\Idol\cocos2d\cocos\platform/CCFileUtils.h(111): note: 'cocos2d::FileUtils::getFileData' の宣言を確認してください (ソース ファイルをコンパイルしています ..\platform\win32\CCFileUtils-win32.cpp)
  CCCustomCommand.cpp
  CCFrameBuffer.cpp
C:\Program Files (x86)\Microsoft SDKs\Windows\v7.1A\include\Shlobj.h(1151): warning C4091: 'typedef ': 変数が何も宣言されていないときは、'tagGPFIDL_FLAGS' の左辺を無視します。 (ソース ファイルをコンパイルしています ..\platform\win32\CCFileUtils-win32.cpp)
  CCGLProgram.cpp
  CCGLProgramCache.cpp
  CCGLProgramState.cpp
  CCGLProgramStateCache.cpp
  ccGLStateCache.cpp
  CCGroupCommand.cpp
  CCMaterial.cpp
  CCMeshCommand.cpp
  CCPass.cpp
  CCPrimitive.cpp
  CCPrimitiveCommand.cpp
  CCQuadCommand.cpp
  CCRenderCommand.cpp
  CCRenderer.cpp
  CCRenderState.cpp
  ccShaders.cpp
  CCTechnique.cpp
  CCTexture2D.cpp
  CCTextureAtlas.cpp
  CCTextureCache.cpp
  CCTextureCube.cpp
  CCTrianglesCommand.cpp
  CCVertexAttribBinding.cpp
  CCVertexIndexBuffer.cpp
  CCVertexIndexData.cpp
  LocalStorage.cpp
  CocosGUI.cpp
  UIButton.cpp
  UIAbstractCheckButton.cpp
  UICheckBox.cpp
C:\cocosproj\Idol\cocos2d\cocos\ui/UIScale9Sprite.h : warning C4819: ファイルは、現在のコード ページ (932) で表示できない文字を含んでいます。データの損失を防ぐために、ファイルを Unicode 形式で保存してください。 (ソース ファイルをコンパイルしています ..\ui\UIButton.cpp)
C:\cocosproj\Idol\cocos2d\cocos\ui/UIScale9Sprite.h : warning C4819: ファイルは、現在のコード ページ (932) で表示できない文字を含んでいます。データの損失を防ぐために、ファイルを Unicode 形式で保存してください。 (ソース ファイルをコンパイルしています ..\ui\CocosGUI.cpp)
  UIRadioButton.cpp
  UIDeprecated.cpp
  UIEditBox.cpp
  UIEditBoxImpl-win32.cpp
C:\cocosproj\Idol\cocos2d\cocos\ui/UIScale9Sprite.h : warning C4819: ファイルは、現在のコード ページ (932) で表示できない文字を含んでいます。データの損失を防ぐために、ファイルを Unicode 形式で保存してください。 (ソース ファイルをコンパイルしています ..\ui\UIEditBox\UIEditBox.cpp)
  UIHBox.cpp
C:\cocosproj\Idol\cocos2d\cocos\ui/UIScale9Sprite.h : warning C4819: ファイルは、現在のコード ページ (932) で表示できない文字を含んでいます。データの損失を防ぐために、ファイルを Unicode 形式で保存してください。 (ソース ファイルをコンパイルしています ..\ui\UIEditBox\UIEditBoxImpl-win32.cpp)
  UIHelper.cpp
C:\cocosproj\Idol\cocos2d\cocos\base/ccUTF8.h : warning C4819: ファイルは、現在のコード ページ (932) で表示できない文字を含んでいます。データの損失を防ぐために、ファイルを Unicode 形式で保存してください。 (ソース ファイルをコンパイルしています ..\ui\UIEditBox\UIEditBoxImpl-win32.cpp)
..\ui\UIEditBox\UIEditBoxImpl-win32.cpp(259): warning C4302: '型キャスト': 'LPCSTR' から 'WORD' へ切り詰めます。
  UIImageView.cpp
  UILayout.cpp
  UILayoutComponent.cpp
  UILayoutManager.cpp
C:\cocosproj\Idol\cocos2d\cocos\ui/UIScale9Sprite.h : warning C4819: ファイルは、現在のコード ページ (932) で表示できない文字を含んでいます。データの損失を防ぐために、ファイルを Unicode 形式で保存してください。 (ソース ファイルをコンパイルしています ..\ui\UIImageView.cpp)
C:\cocosproj\Idol\cocos2d\cocos\ui/UIScale9Sprite.h : warning C4819: ファイルは、現在のコード ページ (932) で表示できない文字を含んでいます。データの損失を防ぐために、ファイルを Unicode 形式で保存してください。 (ソース ファイルをコンパイルしています ..\ui\UILayout.cpp)
  UILayoutParameter.cpp
  UIListView.cpp
  UILoadingBar.cpp
  UIPageView.cpp
  UIPageViewIndicator.cpp
C:\cocosproj\Idol\cocos2d\cocos\ui/UIScale9Sprite.h : warning C4819: ファイルは、現在のコード ページ (932) で表示できない文字を含んでいます。データの損失を防ぐために、ファイルを Unicode 形式で保存してください。 (ソース ファイルをコンパイルしています ..\ui\UILoadingBar.cpp)
  UIRelativeBox.cpp
  UIRichText.cpp
..\ui\UIPageView.cpp(315): warning C4996: 'cocos2d::ui::PageView::getPages': が古い形式として宣言されました。
  ..\ui\UIPageView.cpp(299): note: 'cocos2d::ui::PageView::getPages' の宣言を確認してください
  UIScale9Sprite.cpp
c:\cocosproj\idol\cocos2d\cocos\ui\UIScale9Sprite.h : warning C4819: ファイルは、現在のコード ページ (932) で表示できない文字を含んでいます。データの損失を防ぐために、ファイルを Unicode 形式で保存してください。 (ソース ファイルをコンパイルしています ..\ui\UIScale9Sprite.cpp)
  UIScrollView.cpp
  UIScrollViewBar.cpp
C:\cocosproj\Idol\cocos2d\cocos\base/ccUTF8.h : warning C4819: ファイルは、現在のコード ページ (932) で表示できない文字を含んでいます。データの損失を防ぐために、ファイルを Unicode 形式で保存してください。 (ソース ファイルをコンパイルしています ..\ui\UIRichText.cpp)
..\ui\UIRichText.cpp(336): warning C4018: '<=': signed と unsigned の数値を比較しようとしました。
  UISlider.cpp
  UIText.cpp
  UITextAtlas.cpp
  UITextBMFont.cpp
C:\cocosproj\Idol\cocos2d\cocos\ui/UIScale9Sprite.h : warning C4819: ファイルは、現在のコード ページ (932) で表示できない文字を含んでいます。データの損失を防ぐために、ファイルを Unicode 形式で保存してください。 (ソース ファイルをコンパイルしています ..\ui\UISlider.cpp)
  UITextField.cpp
  UIVBox.cpp
  UIWebView.cpp
  UIWidget.cpp
  CCAction.cpp
C:\cocosproj\Idol\cocos2d\cocos\base/ccUTF8.h : warning C4819: ファイルは、現在のコード ページ (932) で表示できない文字を含んでいます。データの損失を防ぐために、ファイルを Unicode 形式で保存してください。 (ソース ファイルをコンパイルしています ..\ui\UITextField.cpp)
  CCActionCamera.cpp
  CCActionCatmullRom.cpp
  CCActionEase.cpp
  CCActionGrid.cpp
  CCActionGrid3D.cpp
  CCActionInstant.cpp
  CCActionInterval.cpp
  CCActionManager.cpp
  CCActionPageTurn3D.cpp
  CCActionProgressTimer.cpp
  CCActionTiledGrid.cpp
  CCActionTween.cpp
  CCAnimation.cpp
  CCAnimationCache.cpp
  CCAtlasNode.cpp
  CCAutoPolygon.cpp
  CCCamera.cpp
  CCCameraBackgroundBrush.cpp
  CCClippingNode.cpp
  CCClippingRectangleNode.cpp
  CCComponent.cpp
  CCComponentContainer.cpp
  CCDrawingPrimitives.cpp
  CCDrawNode.cpp
  CCFastTMXLayer.cpp
C:\cocosproj\Idol\cocos2d\cocos\platform/CCSAXParser.h : warning C4819: ファイルは、現在のコード ページ (932) で表示できない文字を含んでいます。データの損失を防ぐために、ファイルを Unicode 形式で保存してください。 (ソース ファイルをコンパイルしています CCFastTMXLayer.cpp)
  CCFastTMXTiledMap.cpp
C:\cocosproj\Idol\cocos2d\cocos\platform/CCSAXParser.h : warning C4819: ファイルは、現在のコード ページ (932) で表示できない文字を含んでいます。データの損失を防ぐために、ファイルを Unicode 形式で保存してください。 (ソース ファイルをコンパイルしています CCFastTMXTiledMap.cpp)
  CCFontAtlas.cpp
  CCFontAtlasCache.cpp
  CCFontCharMap.cpp
C:\cocosproj\Idol\cocos2d\cocos\base/ccUTF8.h : warning C4819: ファイルは、現在のコード ページ (932) で表示できない文字を含んでいます。データの損失を防ぐために、ファイルを Unicode 形式で保存してください。 (ソース ファイルをコンパイルしています CCFontAtlas.cpp)
  CCFontFNT.cpp
  CCFontFreeType.cpp
CCFontFreeType.cpp : warning C4819: ファイルは、現在のコード ページ (932) で表示できない文字を含んでいます。データの損失を防ぐために、ファイルを Unicode 形式で保存してください。
  CCGLBufferedNode.cpp
  CCGrabber.cpp
  CCGrid.cpp
C:\cocosproj\Idol\cocos2d\cocos\base/ccUTF8.h : warning C4819: ファイルは、現在のコード ページ (932) で表示できない文字を含んでいます。データの損失を防ぐために、ファイルを Unicode 形式で保存してください。 (ソース ファイルをコンパイルしています CCFontFreeType.cpp)
  CCLabel.cpp
  CCLabelAtlas.cpp
  CCLabelBMFont.cpp
C:\cocosproj\Idol\cocos2d\cocos\base/ccUTF8.h : warning C4819: ファイルは、現在のコード ページ (932) で表示できない文字を含んでいます。データの損失を防ぐために、ファイルを Unicode 形式で保存してください。 (ソース ファイルをコンパイルしています CCLabel.cpp)
  CCLabelTextFormatter.cpp
CCLabel.cpp(754): warning C4018: '>': signed と unsigned の数値を比較しようとしました。
CCLabel.cpp(756): warning C4018: '<': signed と unsigned の数値を比較しようとしました。
  CCLabelTTF.cpp
C:\cocosproj\Idol\cocos2d\cocos\base/ccUTF8.h : warning C4819: ファイルは、現在のコード ページ (932) で表示できない文字を含んでいます。データの損失を防ぐために、ファイルを Unicode 形式で保存してください。 (ソース ファイルをコンパイルしています CCLabelTextFormatter.cpp)
  CCLayer.cpp
  CCLight.cpp
  CCMenu.cpp
  CCMenuItem.cpp
  CCMotionStreak.cpp
  CCNode.cpp
  CCNodeGrid.cpp
  CCParallaxNode.cpp
  CCParticleBatchNode.cpp
  CCParticleExamples.cpp
  CCParticleSystem.cpp
  CCParticleSystemQuad.cpp
  CCProgressTimer.cpp
  CCProtectedNode.cpp
  CCRenderTexture.cpp
  CCScene.cpp
  CCSprite.cpp
  CCSpriteBatchNode.cpp
  CCSpriteFrame.cpp
  CCSpriteFrameCache.cpp
  CCTextFieldTTF.cpp
  CCTileMapAtlas.cpp
  CCTMXLayer.cpp
  CCTMXObjectGroup.cpp
C:\cocosproj\Idol\cocos2d\cocos\platform/CCSAXParser.h : warning C4819: ファイルは、現在のコード ページ (932) で表示できない文字を含んでいます。データの損失を防ぐために、ファイルを Unicode 形式で保存してください。 (ソース ファイルをコンパイルしています CCTMXLayer.cpp)
  CCTMXTiledMap.cpp
  CCTMXXMLParser.cpp
CCTMXXMLParser.cpp : warning C4819: ファイルは、現在のコード ページ (932) で表示できない文字を含んでいます。データの損失を防ぐために、ファイルを Unicode 形式で保存してください。
C:\cocosproj\Idol\cocos2d\cocos\platform/CCSAXParser.h : warning C4819: ファイルは、現在のコード ページ (932) で表示できない文字を含んでいます。データの損失を防ぐために、ファイルを Unicode 形式で保存してください。 (ソース ファイルをコンパイルしています CCTMXXMLParser.cpp)
C:\cocosproj\Idol\cocos2d\cocos\platform/CCSAXParser.h : warning C4819: ファイルは、現在のコード ページ (932) で表示できない文字を含んでいます。データの損失を防ぐために、ファイルを Unicode 形式で保存してください。 (ソース ファイルをコンパイルしています CCTMXTiledMap.cpp)
  CCTransition.cpp
  CCTransitionPageTurn.cpp
  CCTransitionProgress.cpp
  CCTweenFunction.cpp
  1 File(s) copied
  2 File(s) copied
  4 File(s) copied
  2 File(s) copied
  2 File(s) copied
  3 File(s) copied
  1 File(s) copied
  2 File(s) copied
  2 File(s) copied
  2 File(s) copied
  2 File(s) copied
  2 File(s) copied
  2 File(s) copied
  6 File(s) copied
  2 File(s) copied
  2 File(s) copied
libbullet.lib(btAlignedAllocator.obj) : warning LNK4075: /EDITANDCONTINUE は /OPT:LBR の指定によって無視されます。
     ライブラリ C:\cocosproj\Idol\proj.win32\Debug.win32\libcocos2d.lib とオブジェクト C:\cocosproj\Idol\proj.win32\Debug.win32\libcocos2d.exp を作成中
LINK : warning LNK4098: defaultlib 'LIBCMT' は他のライブラリの使用と競合しています。/NODEFAULTLIB:library を使用してください。
LINK : warning LNK4098: defaultlib 'MSVCRT' は他のライブラリの使用と競合しています。/NODEFAULTLIB:library を使用してください。
libtiff-2015.lib(tif_aux.obj) : warning LNK4099: PDB 'vc140.pdb' が 'libtiff-2015.lib(tif_aux.obj)' で、または 'C:\cocosproj\Idol\proj.win32\Debug.win32\vc140.pdb' に見つかりません。デバッグ情報がないものとして、オブジェクトにリンクします。
libtiff-2015.lib(tif_close.obj) : warning LNK4099: PDB 'vc140.pdb' が 'libtiff-2015.lib(tif_close.obj)' で、または 'C:\cocosproj\Idol\proj.win32\Debug.win32\vc140.pdb' に見つかりません。デバッグ情報がないものとして、オブジェクトにリンクします。
libtiff-2015.lib(tif_codec.obj) : warning LNK4099: PDB 'vc140.pdb' が 'libtiff-2015.lib(tif_codec.obj)' で、または 'C:\cocosproj\Idol\proj.win32\Debug.win32\vc140.pdb' に見つかりません。デバッグ情報がないものとして、オブジェクトにリンクします。
libtiff-2015.lib(tif_color.obj) : warning LNK4099: PDB 'vc140.pdb' が 'libtiff-2015.lib(tif_color.obj)' で、または 'C:\cocosproj\Idol\proj.win32\Debug.win32\vc140.pdb' に見つかりません。デバッグ情報がないものとして、オブジェクトにリンクします。
libtiff-2015.lib(tif_compress.obj) : warning LNK4099: PDB 'vc140.pdb' が 'libtiff-2015.lib(tif_compress.obj)' で、または 'C:\cocosproj\Idol\proj.win32\Debug.win32\vc140.pdb' に見つかりません。デバッグ情報がないものとして、オブジェクトにリンクします。
libtiff-2015.lib(tif_dir.obj) : warning LNK4099: PDB 'vc140.pdb' が 'libtiff-2015.lib(tif_dir.obj)' で、または 'C:\cocosproj\Idol\proj.win32\Debug.win32\vc140.pdb' に見つかりません。デバッグ情報がないものとして、オブジェクトにリンクします。
libtiff-2015.lib(tif_dirinfo.obj) : warning LNK4099: PDB 'vc140.pdb' が 'libtiff-2015.lib(tif_dirinfo.obj)' で、または 'C:\cocosproj\Idol\proj.win32\Debug.win32\vc140.pdb' に見つかりません。デバッグ情報がないものとして、オブジェクトにリンクします。
libtiff-2015.lib(tif_dirread.obj) : warning LNK4099: PDB 'vc140.pdb' が 'libtiff-2015.lib(tif_dirread.obj)' で、または 'C:\cocosproj\Idol\proj.win32\Debug.win32\vc140.pdb' に見つかりません。デバッグ情報がないものとして、オブジェクトにリンクします。
libtiff-2015.lib(tif_dirwrite.obj) : warning LNK4099: PDB 'vc140.pdb' が 'libtiff-2015.lib(tif_dirwrite.obj)' で、または 'C:\cocosproj\Idol\proj.win32\Debug.win32\vc140.pdb' に見つかりません。デバッグ情報がないものとして、オブジェクトにリンクします。
libtiff-2015.lib(tif_dumpmode.obj) : warning LNK4099: PDB 'vc140.pdb' が 'libtiff-2015.lib(tif_dumpmode.obj)' で、または 'C:\cocosproj\Idol\proj.win32\Debug.win32\vc140.pdb' に見つかりません。デバッグ情報がないものとして、オブジェクトにリンクします。
libtiff-2015.lib(tif_error.obj) : warning LNK4099: PDB 'vc140.pdb' が 'libtiff-2015.lib(tif_error.obj)' で、または 'C:\cocosproj\Idol\proj.win32\Debug.win32\vc140.pdb' に見つかりません。デバッグ情報がないものとして、オブジェクトにリンクします。
libtiff-2015.lib(tif_fax3.obj) : warning LNK4099: PDB 'vc140.pdb' が 'libtiff-2015.lib(tif_fax3.obj)' で、または 'C:\cocosproj\Idol\proj.win32\Debug.win32\vc140.pdb' に見つかりません。デバッグ情報がないものとして、オブジェクトにリンクします。
libtiff-2015.lib(tif_fax3sm.obj) : warning LNK4099: PDB 'vc140.pdb' が 'libtiff-2015.lib(tif_fax3sm.obj)' で、または 'C:\cocosproj\Idol\proj.win32\Debug.win32\vc140.pdb' に見つかりません。デバッグ情報がないものとして、オブジェクトにリンクします。
libtiff-2015.lib(tif_getimage.obj) : warning LNK4099: PDB 'vc140.pdb' が 'libtiff-2015.lib(tif_getimage.obj)' で、または 'C:\cocosproj\Idol\proj.win32\Debug.win32\vc140.pdb' に見つかりません。デバッグ情報がないものとして、オブジェクトにリンクします。
libtiff-2015.lib(tif_flush.obj) : warning LNK4099: PDB 'vc140.pdb' が 'libtiff-2015.lib(tif_flush.obj)' で、または 'C:\cocosproj\Idol\proj.win32\Debug.win32\vc140.pdb' に見つかりません。デバッグ情報がないものとして、オブジェクトにリンクします。
libtiff-2015.lib(tif_luv.obj) : warning LNK4099: PDB 'vc140.pdb' が 'libtiff-2015.lib(tif_luv.obj)' で、または 'C:\cocosproj\Idol\proj.win32\Debug.win32\vc140.pdb' に見つかりません。デバッグ情報がないものとして、オブジェクトにリンクします。
libtiff-2015.lib(tif_lzw.obj) : warning LNK4099: PDB 'vc140.pdb' が 'libtiff-2015.lib(tif_lzw.obj)' で、または 'C:\cocosproj\Idol\proj.win32\Debug.win32\vc140.pdb' に見つかりません。デバッグ情報がないものとして、オブジェクトにリンクします。
libtiff-2015.lib(tif_next.obj) : warning LNK4099: PDB 'vc140.pdb' が 'libtiff-2015.lib(tif_next.obj)' で、または 'C:\cocosproj\Idol\proj.win32\Debug.win32\vc140.pdb' に見つかりません。デバッグ情報がないものとして、オブジェクトにリンクします。
libtiff-2015.lib(tif_open.obj) : warning LNK4099: PDB 'vc140.pdb' が 'libtiff-2015.lib(tif_open.obj)' で、または 'C:\cocosproj\Idol\proj.win32\Debug.win32\vc140.pdb' に見つかりません。デバッグ情報がないものとして、オブジェクトにリンクします。
libtiff-2015.lib(tif_packbits.obj) : warning LNK4099: PDB 'vc140.pdb' が 'libtiff-2015.lib(tif_packbits.obj)' で、または 'C:\cocosproj\Idol\proj.win32\Debug.win32\vc140.pdb' に見つかりません。デバッグ情報がないものとして、オブジェクトにリンクします。
libtiff-2015.lib(tif_predict.obj) : warning LNK4099: PDB 'vc140.pdb' が 'libtiff-2015.lib(tif_predict.obj)' で、または 'C:\cocosproj\Idol\proj.win32\Debug.win32\vc140.pdb' に見つかりません。デバッグ情報がないものとして、オブジェクトにリンクします。
libtiff-2015.lib(tif_read.obj) : warning LNK4099: PDB 'vc140.pdb' が 'libtiff-2015.lib(tif_read.obj)' で、または 'C:\cocosproj\Idol\proj.win32\Debug.win32\vc140.pdb' に見つかりません。デバッグ情報がないものとして、オブジェクトにリンクします。
libtiff-2015.lib(tif_swab.obj) : warning LNK4099: PDB 'vc140.pdb' が 'libtiff-2015.lib(tif_swab.obj)' で、または 'C:\cocosproj\Idol\proj.win32\Debug.win32\vc140.pdb' に見つかりません。デバッグ情報がないものとして、オブジェクトにリンクします。
libtiff-2015.lib(tif_strip.obj) : warning LNK4099: PDB 'vc140.pdb' が 'libtiff-2015.lib(tif_strip.obj)' で、または 'C:\cocosproj\Idol\proj.win32\Debug.win32\vc140.pdb' に見つかりません。デバッグ情報がないものとして、オブジェクトにリンクします。
libtiff-2015.lib(tif_thunder.obj) : warning LNK4099: PDB 'vc140.pdb' が 'libtiff-2015.lib(tif_thunder.obj)' で、または 'C:\cocosproj\Idol\proj.win32\Debug.win32\vc140.pdb' に見つかりません。デバッグ情報がないものとして、オブジェクトにリンクします。
libtiff-2015.lib(tif_tile.obj) : warning LNK4099: PDB 'vc140.pdb' が 'libtiff-2015.lib(tif_tile.obj)' で、または 'C:\cocosproj\Idol\proj.win32\Debug.win32\vc140.pdb' に見つかりません。デバッグ情報がないものとして、オブジェクトにリンクします。
libtiff-2015.lib(tif_warning.obj) : warning LNK4099: PDB 'vc140.pdb' が 'libtiff-2015.lib(tif_warning.obj)' で、または 'C:\cocosproj\Idol\proj.win32\Debug.win32\vc140.pdb' に見つかりません。デバッグ情報がないものとして、オブジェクトにリンクします。
libtiff-2015.lib(tif_write.obj) : warning LNK4099: PDB 'vc140.pdb' が 'libtiff-2015.lib(tif_write.obj)' で、または 'C:\cocosproj\Idol\proj.win32\Debug.win32\vc140.pdb' に見つかりません。デバッグ情報がないものとして、オブジェクトにリンクします。
libtiff-2015.lib(tif_win32.obj) : warning LNK4099: PDB 'vc140.pdb' が 'libtiff-2015.lib(tif_win32.obj)' で、または 'C:\cocosproj\Idol\proj.win32\Debug.win32\vc140.pdb' に見つかりません。デバッグ情報がないものとして、オブジェクトにリンクします。
  libcocos2d.vcxproj -> C:\cocosproj\Idol\proj.win32\Debug.win32\libcocos2d.dll
